<?xml version="1.0" encoding="UTF-8"?>
<testng-results ignored="0" total="2" passed="2" failed="0" skipped="0">
  <reporter-output>
  </reporter-output>
  <suite started-at="2022-01-01T21:01:28 IST" name="Default suite" finished-at="2022-01-01T21:01:28 IST" duration-ms="93">
    <groups>
    </groups>
    <test started-at="2022-01-01T21:01:28 IST" name="Default test" finished-at="2022-01-01T21:01:28 IST" duration-ms="93">
      <class name="demoTest.OrgTest">
        <test-method signature="createOrgTest()[pri:0, instance:demoTest.OrgTest@51e5fc98]" started-at="2022-01-01T21:01:28 IST" name="createOrgTest" finished-at="2022-01-01T21:01:28 IST" duration-ms="12" status="PASS">
          <reporter-output>
          </reporter-output>
        </test-method> <!-- createOrgTest -->
        <test-method signature="updateOrg()[pri:0, instance:demoTest.OrgTest@51e5fc98]" started-at="2022-01-01T21:01:28 IST" name="updateOrg" finished-at="2022-01-01T21:01:28 IST" duration-ms="5" status="PASS">
          <reporter-output>
          </reporter-output>
        </test-method> <!-- updateOrg -->
      </class> <!-- demoTest.OrgTest -->
    </test> <!-- Default test -->
  </suite> <!-- Default suite -->
</testng-results>
