<?xml version="1.0" encoding="UTF-8"?>
<testng-results ignored="0" total="1" passed="1" failed="0" skipped="0">
  <reporter-output>
  </reporter-output>
  <suite started-at="2022-01-01T22:48:25 IST" name="Default suite" finished-at="2022-01-01T22:48:30 IST" duration-ms="5364">
    <groups>
    </groups>
    <test started-at="2022-01-01T22:48:25 IST" name="Default test" finished-at="2022-01-01T22:48:30 IST" duration-ms="5364">
      <class name="ContactsPractice.CreateContact">
        <test-method signature="createContactTest()[pri:0, instance:ContactsPractice.CreateContact@12e61fe6]" started-at="2022-01-01T22:48:25 IST" name="createContactTest" finished-at="2022-01-01T22:48:30 IST" duration-ms="5290" status="PASS">
          <reporter-output>
          </reporter-output>
        </test-method> <!-- createContactTest -->
      </class> <!-- ContactsPractice.CreateContact -->
    </test> <!-- Default test -->
  </suite> <!-- Default suite -->
</testng-results>
