<?xml version="1.0" encoding="UTF-8"?>
<!-- Generated by org.testng.reporters.JUnitXMLReporter -->
<testsuite hostname="AnilSaner" ignored="0" name="Command line test" tests="4" failures="0" timestamp="2022-01-01T13:02:25 IST" time="0.056" errors="0">
  <testcase name="contact" time="0.005" classname="CreateContactTest.ContactTest"/>
  <testcase name="updateContact" time="0.001" classname="CreateContactTest.ContactTest"/>
  <testcase name="createContactTest" time="0.001" classname="DemoTest"/>
  <testcase name="createOrgTest" time="0.001" classname="DemoTest"/>
</testsuite> <!-- Command line test -->
