<?xml version="1.0" encoding="UTF-8"?>
<testng-results ignored="0" total="2" passed="2" failed="0" skipped="0">
  <reporter-output>
  </reporter-output>
  <suite started-at="2022-01-01T12:06:58 IST" name="Default suite" finished-at="2022-01-01T12:06:58 IST" duration-ms="82">
    <groups>
    </groups>
    <test started-at="2022-01-01T12:06:58 IST" name="Default test" finished-at="2022-01-01T12:06:58 IST" duration-ms="82">
      <class name="CreateContactTest.ContactTest">
        <test-method signature="contact()[pri:0, instance:CreateContactTest.ContactTest@4278a03f]" started-at="2022-01-01T12:06:58 IST" name="contact" finished-at="2022-01-01T12:06:58 IST" duration-ms="14" status="PASS">
          <reporter-output>
          </reporter-output>
        </test-method> <!-- contact -->
        <test-method signature="updateContact()[pri:0, instance:CreateContactTest.ContactTest@4278a03f]" started-at="2022-01-01T12:06:58 IST" name="updateContact" finished-at="2022-01-01T12:06:58 IST" duration-ms="4" status="PASS">
          <reporter-output>
          </reporter-output>
        </test-method> <!-- updateContact -->
      </class> <!-- CreateContactTest.ContactTest -->
    </test> <!-- Default test -->
  </suite> <!-- Default suite -->
</testng-results>
